\BOOKMARK [0][-]{section*.1}{\376\377\000D\000e\000c\000l\000a\000r\000a\000t\000i\000o\000n\000\040\000o\000f\000\040\000A\000u\000t\000h\000o\000r\000s\000h\000i\000p}{}% 1
\BOOKMARK [0][-]{section*.2}{\376\377\000A\000b\000s\000t\000r\000a\000c\000t}{}% 2
\BOOKMARK [0][-]{section*.3}{\376\377\000A\000b\000s\000t\000r\000a\000c\000t\000\040\000F\000r}{}% 3
\BOOKMARK [0][-]{section*.4}{\376\377\000A\000c\000k\000n\000o\000w\000l\000e\000d\000g\000e\000m\000e\000n\000t\000s}{}% 4
\BOOKMARK [0][-]{chapter.11}{\376\377\000I\000n\000t\000r\000o\000d\000u\000c\000t\000i\000o\000n}{}% 5
\BOOKMARK [1][-]{section.12}{\376\377\000C\000o\000m\000p\000a\000n\000i\000o\000n\000\040\000R\000o\000b\000o\000t\000s}{chapter.11}% 6
\BOOKMARK [1][-]{section.13}{\376\377\000R\000o\000b\000o\000t\000\040\000A\000d\000a\000p\000t\000a\000t\000i\000o\000n\000\040\000i\000n\000\040\000H\000u\000m\000a\000n\000\040\000R\000o\000b\000o\000t\000\040\000I\000n\000t\000e\000r\000a\000c\000t\000i\000o\000n}{chapter.11}% 7
\BOOKMARK [1][-]{section.14}{\376\377\000M\000o\000t\000i\000v\000a\000t\000i\000o\000n\000\040\000a\000n\000d\000\040\000E\000x\000i\000s\000t\000i\000n\000g\000\040\000P\000r\000o\000b\000l\000e\000m\000s}{chapter.11}% 8
\BOOKMARK [1][-]{section.15}{\376\377\000M\000a\000j\000o\000r\000\040\000C\000o\000n\000t\000r\000i\000b\000u\000t\000i\000o\000n\000s}{chapter.11}% 9
\BOOKMARK [1][-]{section.16}{\376\377\000T\000h\000e\000s\000i\000s\000\040\000o\000r\000g\000a\000n\000i\000z\000a\000t\000i\000o\000n}{chapter.11}% 10
\BOOKMARK [0][-]{chapter.17}{\376\377\000T\000h\000e\000o\000r\000e\000t\000i\000c\000a\000l\000\040\000F\000o\000u\000n\000d\000a\000t\000i\000o\000n\000s}{}% 11
\BOOKMARK [1][-]{section.18}{\376\377\000B\000e\000h\000a\000v\000i\000o\000r\000\040\000T\000h\000e\000o\000r\000i\000e\000s}{chapter.17}% 12
\BOOKMARK [2][-]{subsection.19}{\376\377\000P\000e\000r\000s\000o\000n\000a\000l\000i\000t\000y\000\040\000T\000r\000a\000i\000t\000\040\000T\000h\000e\000o\000r\000i\000e\000s}{section.18}% 13
\BOOKMARK [3][-]{section*.20}{\376\377\000B\000i\000g\000\040\000F\000i\000v\000e\000\040\000P\000e\000r\000s\000o\000n\000a\000l\000i\000t\000y\000\040\000T\000r\000a\000i\000t}{subsection.19}% 14
\BOOKMARK [2][-]{subsection.22}{\376\377\000S\000o\000c\000i\000a\000l\000\040\000C\000o\000g\000n\000i\000t\000i\000v\000e\000\040\000T\000h\000e\000o\000r\000y}{section.18}% 15
\BOOKMARK [1][-]{section.24}{\376\377\000E\000m\000o\000t\000i\000o\000n\000\040\000T\000h\000e\000o\000r\000i\000e\000s}{chapter.17}% 16
\BOOKMARK [2][-]{subsection.25}{\376\377\000N\000o\000n\000-\000C\000o\000g\000n\000i\000t\000i\000v\000e\000\040\000T\000h\000e\000o\000r\000i\000e\000s\000\040}{section.24}% 17
\BOOKMARK [2][-]{subsection.27}{\376\377\000C\000o\000g\000n\000i\000t\000i\000v\000e\000\040\000T\000h\000e\000o\000r\000i\000e\000s\000\040}{section.24}% 18
\BOOKMARK [3][-]{section*.31}{\376\377\000O\000C\000C\000\040\000M\000o\000d\000e\000l}{subsection.27}% 19
\BOOKMARK [1][-]{section.32}{\376\377\000L\000e\000a\000r\000n\000i\000n\000g\000\040\000a\000n\000d\000\040\000M\000e\000m\000o\000r\000y}{chapter.17}% 20
\BOOKMARK [2][-]{subsection.33}{\376\377\000M\000e\000m\000o\000r\000y\000\040\000T\000y\000p\000e\000s}{section.32}% 21
\BOOKMARK [3][-]{section*.34}{\376\377\000E\000p\000i\000s\000o\000d\000i\000c\000\040\000M\000e\000m\000o\000r\000y}{subsection.33}% 22
\BOOKMARK [1][-]{section.35}{\376\377\000C\000o\000n\000c\000l\000u\000s\000i\000o\000n}{chapter.17}% 23
\BOOKMARK [0][-]{chapter.36}{\376\377\000S\000t\000a\000t\000e\000\040\000o\000f\000\040\000t\000h\000e\000\040\000A\000r\000t}{}% 24
\BOOKMARK [1][-]{section.37}{\376\377\000R\000o\000b\000o\000t\000s\000\040\000w\000i\000t\000h\000\040\000p\000e\000r\000s\000o\000n\000a\000l\000i\000t\000y}{chapter.36}% 25
\BOOKMARK [1][-]{section.38}{\376\377\000R\000o\000b\000o\000t\000s\000\040\000s\000h\000o\000w\000i\000n\000g\000\040\000e\000m\000o\000t\000i\000o\000n\000s}{chapter.36}% 26
\BOOKMARK [1][-]{section.39}{\376\377\000R\000o\000b\000o\000t\000s\000\040\000w\000i\000t\000h\000\040\000E\000p\000i\000s\000o\000d\000i\000c\000-\000M\000e\000m\000o\000r\000y}{chapter.36}% 27
\BOOKMARK [1][-]{section.40}{\376\377\000C\000o\000n\000c\000l\000u\000s\000i\000o\000n\000\040\000a\000n\000d\000\040\000H\000o\000r\000i\000z\000o\000n}{chapter.36}% 28
\BOOKMARK [0][-]{chapter.41}{\376\377\000I\000n\000t\000r\000e\000g\000a\000t\000i\000n\000g\000\040\000a\000\040\000F\000r\000a\000m\000e\000w\000o\000r\000k\000\040\000f\000o\000r\000\040\000H\000u\000m\000a\000n\000-\000R\000o\000b\000o\000t\000\040\000I\000n\000t\000e\000r\000a\000c\000t\000i\000o\000n}{}% 29
\BOOKMARK [1][-]{section.42}{\376\377\000S\000o\000c\000i\000a\000l\000\040\000I\000s\000s\000u\000e\000s\000\040\000o\000f\000\040\000H\000u\000m\000a\000n\000-\000R\000o\000b\000o\000t\000\040\000I\000n\000t\000e\000r\000a\000c\000t\000i\000o\000n}{chapter.41}% 30
\BOOKMARK [2][-]{subsection.43}{\376\377\000S\000o\000c\000i\000a\000l\000\040\000F\000a\000c\000i\000l\000i\000t\000a\000t\000i\000o\000n}{section.42}% 31
\BOOKMARK [1][-]{section.44}{\376\377\000C\000h\000o\000o\000s\000i\000n\000g\000\040\000a\000n\000\040\000E\000m\000o\000t\000i\000o\000n\000\040\000M\000o\000d\000e\000l\000\040\000f\000o\000r\000\040\000t\000h\000e\000\040\000R\000o\000b\000o\000t}{chapter.41}% 32
\BOOKMARK [1][-]{section.45}{\376\377\000G\000i\000v\000i\000n\000g\000\040\000a\000n\000\040\000E\000p\000i\000s\000o\000d\000i\000c\000-\000M\000e\000m\000o\000r\000y\000\040\000t\000o\000\040\000t\000h\000e\000\040\000R\000o\000b\000o\000t}{chapter.41}% 33
\BOOKMARK [1][-]{section.46}{\376\377\000T\000e\000s\000t\000i\000n\000g\000\040\000t\000h\000e\000\040\000F\000r\000a\000m\000e\000w\000o\000r\000k\000\040\000i\000n\000\040\000a\000\040\000G\000a\000m\000e\000-\000L\000i\000k\000e\000\040\000S\000c\000e\000n\000a\000r\000i\000o}{chapter.41}% 34
\BOOKMARK [1][-]{section.47}{\376\377\000C\000o\000n\000t\000r\000i\000b\000u\000t\000i\000o\000n\000s\000\040\000a\000n\000d\000\040\000C\000o\000n\000c\000l\000u\000s\000i\000o\000n}{chapter.41}% 35
\BOOKMARK [0][-]{chapter.48}{\376\377\000N\000e\000e\000d\000\040\000o\000f\000\040\000a\000\040\000U\000s\000e\000r\000\040\000P\000a\000t\000t\000e\000r\000n\000\040\000f\000o\000r\000\040\000a\000\040\000P\000e\000r\000s\000o\000n\000a\000l\000i\000z\000e\000d\000\040\000I\000n\000t\000e\000r\000a\000c\000t\000i\000o\000n}{}% 36
\BOOKMARK [1][-]{section.49}{\376\377\000C\000h\000o\000o\000s\000i\000n\000g\000\040\000a\000\040\000P\000e\000r\000s\000o\000n\000a\000l\000i\000t\000y\000\040\000M\000o\000d\000e\000l}{chapter.48}% 37
\BOOKMARK [1][-]{section.50}{\376\377\000D\000i\000f\000f\000e\000r\000e\000n\000c\000e\000s\000\040\000b\000e\000t\000w\000e\000e\000n\000\040\000I\000n\000t\000r\000o\000v\000e\000r\000t\000s\000\040\000a\000n\000d\000\040\000E\000x\000t\000r\000o\000v\000e\000r\000t\000s}{chapter.48}% 38
\BOOKMARK [1][-]{section.51}{\376\377\000D\000i\000f\000f\000e\000r\000e\000n\000c\000e\000s\000\040\000b\000e\000t\000w\000e\000e\000n\000\040\000P\000e\000o\000p\000l\000e\000\040\000w\000i\000t\000h\000\040\000H\000i\000g\000h\000\040\000C\000o\000n\000s\000c\000i\000e\000n\000t\000i\000o\000u\000s\000n\000e\000s\000s\000\040\000a\000n\000d\000\040\000P\000e\000o\000p\000l\000e\000\040\000w\000i\000t\000h\000\040\000L\000o\000w\000\040\000C\000o\000n\000s\000c\000i\000e\000n\000t\000i\000o\000u\000s\000n\000e\000s\000s}{chapter.48}% 39
\BOOKMARK [1][-]{section.52}{\376\377\000S\000t\000u\000d\000y\000-\000C\000a\000s\000e\000:\000\040\000O\000f\000f\000i\000c\000e\000-\000L\000i\000k\000e\000\040\000S\000c\000e\000n\000a\000r\000i\000o\000\040\000w\000i\000t\000h\000\040\000a\000\040\000R\000o\000b\000o\000t\000\040\000G\000i\000v\000i\000n\000g\000\040\000R\000e\000m\000i\000n\000d\000e\000r\000s}{chapter.48}% 40
\BOOKMARK [1][-]{section.53}{\376\377\000C\000o\000n\000t\000r\000i\000b\000u\000t\000i\000o\000n\000s\000\040\000a\000n\000d\000\040\000C\000o\000n\000c\000l\000u\000s\000i\000o\000n}{chapter.48}% 41
\BOOKMARK [0][-]{chapter.54}{\376\377\000E\000f\000f\000e\000c\000t\000s\000\040\000o\000f\000\040\000S\000t\000r\000e\000s\000s\000\040\000a\000n\000d\000\040\000P\000e\000r\000s\000o\000n\000a\000l\000i\000t\000y\000\040\000i\000n\000\040\000H\000u\000m\000a\000n\000-\000R\000o\000b\000o\000t\000\040\000I\000n\000t\000e\000r\000a\000c\000t\000i\000o\000n}{}% 42
\BOOKMARK [1][-]{section.55}{\376\377\000R\000o\000b\000o\000t\000s\000\040\000U\000s\000e\000d\000\040\000f\000o\000r\000\040\000T\000e\000a\000c\000h\000i\000n\000g}{chapter.54}% 43
\BOOKMARK [1][-]{section.56}{\376\377\000M\000u\000l\000t\000i\000m\000e\000d\000i\000a\000\040\000L\000e\000a\000r\000n\000i\000n\000g}{chapter.54}% 44
\BOOKMARK [1][-]{section.57}{\376\377\000N\000e\000u\000r\000o\000t\000i\000c\000i\000s\000m\000\040\000T\000r\000a\000i\000t\000\040\000R\000e\000l\000a\000t\000e\000d\000\040\000w\000i\000t\000h\000\040\000L\000e\000a\000r\000n\000i\000n\000g}{chapter.54}% 45
\BOOKMARK [1][-]{section.58}{\376\377\000S\000t\000u\000d\000y\000-\000C\000a\000s\000e\000:\000\040\000T\000e\000a\000c\000h\000i\000n\000g\000\040\000N\000u\000t\000r\000i\000t\000i\000o\000n\000\040\000b\000y\000\040\000u\000s\000i\000n\000g\000\040\000M\000u\000l\000t\000i\000m\000e\000d\000i\000a\000\040\000w\000i\000t\000h\000\040\000a\000\040\000R\000o\000b\000o\000t}{chapter.54}% 46
\BOOKMARK [1][-]{section.59}{\376\377\000C\000o\000n\000t\000r\000i\000b\000u\000t\000i\000o\000n\000s\000\040\000a\000n\000d\000\040\000C\000o\000n\000c\000l\000u\000s\000i\000o\000n}{chapter.54}% 47
\BOOKMARK [0][-]{chapter.60}{\376\377\000P\000r\000e\000d\000i\000c\000t\000i\000n\000g\000\040\000U\000s\000e\000r\000s\000\040\000P\000r\000e\000f\000e\000r\000e\000n\000c\000e\000s\000\040\000u\000s\000i\000n\000g\000\040\000P\000e\000r\000s\000o\000n\000a\000l\000i\000t\000y\000\040\000a\000n\000d\000\040\000G\000e\000n\000d\000e\000r}{}% 48
\BOOKMARK [1][-]{section.61}{\376\377\000S\000i\000m\000i\000l\000a\000r\000i\000t\000y\000\040\000A\000t\000r\000a\000c\000t\000i\000o\000n\000\040\000T\000h\000e\000o\000r\000y}{chapter.60}% 49
\BOOKMARK [1][-]{section.62}{\376\377\000C\000o\000m\000p\000l\000e\000m\000e\000n\000t\000a\000r\000y\000\040\000N\000e\000e\000d\000s\000\040\000T\000h\000e\000o\000r\000y}{chapter.60}% 50
\BOOKMARK [1][-]{section.63}{\376\377\000L\000e\000a\000r\000n\000i\000n\000g\000\040\000a\000\040\000M\000o\000d\000e\000l\000\040\000o\000f\000\040\000U\000s\000e\000r\000s\000\040\000P\000r\000e\000f\000e\000r\000e\000n\000c\000e\000s\000\040\000o\000f\000\040\000R\000o\000b\000o\000t\000\040\000B\000e\000h\000a\000v\000i\000o\000r}{chapter.60}% 51
\BOOKMARK [2][-]{subsection.64}{\376\377\000C\000h\000o\000s\000i\000n\000g\000\040\000t\000h\000e\000\040\000F\000e\000a\000t\000u\000r\000e\000s\000\040\000t\000o\000\040\000C\000r\000e\000a\000t\000e\000\040\000t\000h\000e\000\040\000M\000o\000d\000e\000l}{section.63}% 52
\BOOKMARK [2][-]{subsection.65}{\376\377\000C\000o\000n\000f\000i\000g\000u\000r\000i\000n\000g\000\040\000t\000h\000e\000\040\000E\000p\000i\000s\000o\000d\000i\000c\000\040\000M\000e\000m\000o\000r\000y}{section.63}% 53
\BOOKMARK [2][-]{subsection.66}{\376\377\000A\000d\000a\000p\000t\000i\000n\000g\000\040\000t\000h\000e\000\040\000O\000C\000C\000\040\000M\000o\000d\000e\000l}{section.63}% 54
\BOOKMARK [1][-]{section.67}{\376\377\000S\000t\000u\000d\000y\000-\000C\000a\000s\000e\000:\000\040\000L\000e\000a\000r\000n\000i\000n\000g\000\040\000U\000s\000e\000r\000s\000'\000\040\000P\000r\000e\000f\000e\000r\000e\000n\000c\000e\000s\000\040\000a\000n\000d\000\040\000u\000s\000i\000n\000g\000\040\000t\000h\000e\000m\000\040\000w\000i\000t\000h\000\040\000N\000e\000w\000\040\000U\000s\000e\000r\000s}{chapter.60}% 55
\BOOKMARK [1][-]{section.68}{\376\377\000C\000o\000n\000t\000r\000i\000b\000u\000t\000i\000o\000n\000s\000\040\000a\000n\000d\000\040\000C\000o\000n\000c\000l\000u\000s\000i\000o\000n}{chapter.60}% 56
\BOOKMARK [0][-]{chapter.69}{\376\377\000C\000o\000n\000c\000l\000u\000s\000i\000o\000n}{}% 57
\BOOKMARK [1][-]{section.70}{\376\377\000O\000u\000r\000\040\000C\000o\000n\000t\000r\000i\000b\000u\000t\000i\000o\000n\000s}{chapter.69}% 58
\BOOKMARK [2][-]{subsection.71}{\376\377\000A\000\040\000F\000r\000a\000m\000e\000w\000o\000r\000k\000\040\000f\000o\000r\000\040\000H\000u\000m\000a\000n\000-\000R\000o\000b\000o\000t\000\040\000I\000n\000t\000e\000r\000a\000c\000t\000i\000o\000n}{section.70}% 59
\BOOKMARK [1][-]{section.72}{\376\377\000L\000i\000m\000i\000t\000s\000\040\000a\000n\000d\000\040\000F\000u\000t\000u\000r\000e\000\040\000W\000o\000r\000k}{chapter.69}% 60
\BOOKMARK [0][-]{appendix.73}{\376\377\000E\000v\000a\000l\000u\000a\000t\000i\000o\000n\000\040\000D\000o\000c\000u\000m\000e\000n\000t\000s}{}% 61
\BOOKMARK [1][-]{section.74}{\376\377\000B\000i\000g\000\040\000F\000i\000v\000e\000\040\000Q\000u\000e\000s\000t\000i\000o\000n\000n\000a\000i\000r\000e}{appendix.73}% 62
\BOOKMARK [1][-]{section.75}{\376\377\000G\000a\000m\000e\000-\000L\000i\000k\000e\000\040\000S\000c\000e\000n\000a\000r\000i\000o\000\040\000P\000o\000s\000t\000-\000Q\000u\000e\000s\000t\000i\000o\000n\000n\000a\000i\000r\000e}{appendix.73}% 63
\BOOKMARK [1][-]{section.76}{\376\377\000O\000f\000f\000i\000c\000e\000-\000L\000i\000k\000e\000\040\000S\000c\000e\000n\000a\000r\000i\000o\000\040\000P\000o\000s\000t\000-\000Q\000u\000e\000s\000t\000i\000o\000n\000n\000a\000i\000r\000e\000s}{appendix.73}% 64
\BOOKMARK [1][-]{section.77}{\376\377\000M\000u\000l\000t\000i\000m\000e\000d\000i\000a\000\040\000S\000c\000e\000n\000a\000r\000i\000o\000\040\000P\000o\000s\000t\000-\000Q\000u\000e\000s\000t\000i\000o\000n\000n\000a\000i\000r\000e}{appendix.73}% 65
\BOOKMARK [1][-]{section.78}{\376\377\000L\000e\000a\000r\000n\000i\000n\000g\000\040\000U\000s\000e\000r\000s\000'\000\040\000P\000r\000e\000f\000e\000r\000e\000n\000c\000e\000s\000\040\000P\000o\000s\000t\000-\000Q\000u\000e\000s\000t\000i\000o\000n\000n\000a\000i\000r\000e}{appendix.73}% 66
\BOOKMARK [0][-]{appendix.79}{\376\377\000P\000u\000b\000l\000i\000c\000a\000t\000i\000o\000n\000s\000\040\000L\000i\000s\000t}{}% 67
\BOOKMARK [0][-]{appendix*.80}{\376\377\000B\000i\000b\000l\000i\000o\000g\000r\000a\000p\000h\000y}{}% 68
